<?xml version="1.0" encoding="UTF-8"?>
<testng-results ignored="1" total="3" passed="2" failed="0" skipped="0">
  <reporter-output>
  </reporter-output>
  <suite started-at="2021-10-22T09:07:37 ICT" name="Default suite" finished-at="2021-10-22T09:07:44 ICT" duration-ms="7578">
    <groups>
    </groups>
    <test started-at="2021-10-22T09:07:37 ICT" name="Default test" finished-at="2021-10-22T09:07:44 ICT" duration-ms="7578">
      <class name="TestNG.FogetPassWord">
        <test-method is-config="true" signature="before()[pri:0, instance:TestNG.FogetPassWord@4b14c583]" started-at="2021-10-22T09:07:37 ICT" name="before" finished-at="2021-10-22T09:07:42 ICT" duration-ms="4935" status="PASS">
          <reporter-output>
          </reporter-output>
        </test-method> <!-- before -->
        <test-method signature="FP_01()[pri:8, instance:TestNG.FogetPassWord@4b14c583]" started-at="2021-10-22T09:07:42 ICT" name="FP_01" finished-at="2021-10-22T09:07:44 ICT" duration-ms="2116" status="PASS">
          <reporter-output>
          </reporter-output>
        </test-method> <!-- FP_01 -->
        <test-method signature="FP_02()[pri:9, instance:TestNG.FogetPassWord@4b14c583]" started-at="2021-10-22T09:07:44 ICT" name="FP_02" finished-at="2021-10-22T09:07:44 ICT" duration-ms="318" status="PASS">
          <reporter-output>
          </reporter-output>
        </test-method> <!-- FP_02 -->
        <test-method is-config="true" signature="afterTest()[pri:0, instance:TestNG.FogetPassWord@4b14c583]" started-at="2021-10-22T09:07:44 ICT" name="afterTest" finished-at="2021-10-22T09:07:44 ICT" duration-ms="169" status="PASS">
          <reporter-output>
          </reporter-output>
        </test-method> <!-- afterTest -->
      </class> <!-- TestNG.FogetPassWord -->
    </test> <!-- Default test -->
  </suite> <!-- Default suite -->
</testng-results>
