<?xml version="1.0" encoding="UTF-8"?>
<testng-results ignored="2" total="3" passed="1" failed="0" skipped="0">
  <reporter-output>
  </reporter-output>
  <suite started-at="2021-10-23T11:54:05 ICT" name="Default suite" finished-at="2021-10-23T11:54:20 ICT" duration-ms="14905">
    <groups>
    </groups>
    <test started-at="2021-10-23T11:54:05 ICT" name="Default test" finished-at="2021-10-23T11:54:20 ICT" duration-ms="14905">
      <class name="TestNG.FogetPassWord">
        <test-method is-config="true" signature="before()[pri:0, instance:TestNG.FogetPassWord@1534f01b]" started-at="2021-10-23T11:54:05 ICT" name="before" finished-at="2021-10-23T11:54:18 ICT" duration-ms="13032" status="PASS">
          <reporter-output>
          </reporter-output>
        </test-method> <!-- before -->
        <test-method signature="FP_01()[pri:8, instance:TestNG.FogetPassWord@1534f01b]" started-at="2021-10-23T11:54:18 ICT" name="FP_01" finished-at="2021-10-23T11:54:20 ICT" duration-ms="1841" status="PASS">
          <reporter-output>
          </reporter-output>
        </test-method> <!-- FP_01 -->
        <test-method is-config="true" signature="afterTest()[pri:0, instance:TestNG.FogetPassWord@1534f01b]" started-at="2021-10-23T11:54:20 ICT" name="afterTest" finished-at="2021-10-23T11:54:20 ICT" duration-ms="1" status="PASS">
          <reporter-output>
          </reporter-output>
        </test-method> <!-- afterTest -->
      </class> <!-- TestNG.FogetPassWord -->
    </test> <!-- Default test -->
  </suite> <!-- Default suite -->
</testng-results>
