<?xml version="1.0" encoding="UTF-8"?>
<!-- Generated by org.testng.reporters.JUnitXMLReporter -->
<testsuite ignored="2" hostname="Thien-Acer" failures="0" tests="1" name="Default test" time="14.905" errors="0" timestamp="2021-10-23T11:54:20 ICT">
  <testcase classname="TestNG.FogetPassWord" name="FP_01" time="1.841"/>
  <testcase classname="TestNG.FogetPassWord" name="FP_03" time="0.0">
    <ignored/>
  </testcase> <!-- FP_03 -->
  <testcase classname="TestNG.FogetPassWord" name="FP_02" time="0.0">
    <ignored/>
  </testcase> <!-- FP_02 -->
</testsuite> <!-- Default test -->
