<?xml version="1.0" encoding="UTF-8"?>
<!-- Generated by org.testng.reporters.JUnitXMLReporter -->
<testsuite ignored="1" hostname="Thien-Acer" failures="0" tests="2" name="Default test" time="7.578" errors="0" timestamp="2021-10-22T09:07:44 ICT">
  <testcase classname="TestNG.FogetPassWord" name="FP_01" time="2.116"/>
  <testcase classname="TestNG.FogetPassWord" name="FP_02" time="0.318"/>
  <testcase classname="TestNG.FogetPassWord" name="FP_03" time="0.0">
    <ignored/>
  </testcase> <!-- FP_03 -->
</testsuite> <!-- Default test -->
