<?xml version="1.0" encoding="UTF-8"?>
<!-- Generated by org.testng.reporters.JUnitXMLReporter -->
<testsuite ignored="1" hostname="Thien-Acer" failures="0" tests="4" name="Default test" time="95.773" errors="0" timestamp="2021-10-20T14:12:31 ICT">
  <testcase classname="TestNG.LG_test" name="LG_01" time="1.071"/>
  <testcase classname="TestNG.LG_test" name="LG_03" time="0.906"/>
  <testcase classname="TestNG.LG_test" name="LG_04" time="1.032"/>
  <testcase classname="TestNG.LG_test" name="LG_02" time="1.809"/>
  <testcase classname="TestNG.LG_test" name="close_noti" time="0.0">
    <ignored/>
  </testcase> <!-- close_noti -->
</testsuite> <!-- Default test -->
